yarn run v1.22.22
$ next build
  ▲ Next.js 14.2.4
  - Environments: .env

   Creating an optimized production build ...
 ⚠ Compiled with warnings

./node_modules/@wagmi/connectors/node_modules/@metamask/sdk/dist/node/es/metamask-sdk.js
Module not found: Can't resolve 'encoding' in '/root/rl-swarm/modal-login/node_modules/@wagmi/connectors/node_modules/@metamask/sdk/dist/node/es'

Import trace for requested module:
./node_modules/@wagmi/connectors/node_modules/@metamask/sdk/dist/node/es/metamask-sdk.js
./node_modules/@wagmi/connectors/dist/esm/metaMask.js
./node_modules/@wagmi/connectors/dist/esm/exports/index.js
./node_modules/wagmi/dist/esm/exports/connectors.js
./node_modules/@account-kit/react/dist/esm/createConfig.js
./node_modules/@account-kit/react/dist/esm/index.js
./app/page.tsx

./node_modules/@wagmi/connectors/node_modules/@metamask/sdk/dist/node/es/metamask-sdk.js
Module not found: Can't resolve 'encoding' in '/root/rl-swarm/modal-login/node_modules/@wagmi/connectors/node_modules/@metamask/sdk/dist/node/es'

Import trace for requested module:
./node_modules/@wagmi/connectors/node_modules/@metamask/sdk/dist/node/es/metamask-sdk.js
./node_modules/@wagmi/connectors/dist/esm/metaMask.js
./node_modules/@wagmi/connectors/dist/esm/exports/index.js
./node_modules/wagmi/dist/esm/exports/connectors.js
./node_modules/@account-kit/react/dist/esm/createConfig.js
./node_modules/@account-kit/react/dist/esm/index.js
./config.ts
./app/layout.tsx

./node_modules/pino/lib/tools.js
Module not found: Can't resolve 'pino-pretty' in '/root/rl-swarm/modal-login/node_modules/pino/lib'

Import trace for requested module:
./node_modules/pino/lib/tools.js
./node_modules/pino/pino.js
./node_modules/@walletconnect/logger/dist/index.es.js
./node_modules/@walletconnect/ethereum-provider/node_modules/@walletconnect/universal-provider/dist/index.es.js
./node_modules/@walletconnect/ethereum-provider/dist/index.es.js
./node_modules/@wagmi/connectors/dist/esm/walletConnect.js
./node_modules/@wagmi/connectors/dist/esm/exports/index.js
./node_modules/wagmi/dist/esm/exports/connectors.js
./node_modules/@account-kit/react/dist/esm/createConfig.js
./node_modules/@account-kit/react/dist/esm/index.js
./app/page.tsx

./node_modules/pino/lib/tools.js
Module not found: Can't resolve 'pino-pretty' in '/root/rl-swarm/modal-login/node_modules/pino/lib'

Import trace for requested module:
./node_modules/pino/lib/tools.js
./node_modules/pino/pino.js
./node_modules/@walletconnect/logger/dist/index.es.js
./node_modules/@walletconnect/ethereum-provider/node_modules/@walletconnect/universal-provider/dist/index.es.js
./node_modules/@walletconnect/ethereum-provider/dist/index.es.js
./node_modules/@wagmi/connectors/dist/esm/walletConnect.js
./node_modules/@wagmi/connectors/dist/esm/exports/index.js
./node_modules/wagmi/dist/esm/exports/connectors.js
./node_modules/@account-kit/react/dist/esm/createConfig.js
./node_modules/@account-kit/react/dist/esm/index.js
./config.ts
./app/layout.tsx

 ✓ Compiled successfully
   Linting and checking validity of types ...
   Collecting page data ...
   Generating static pages (0/10) ...
   Generating static pages (2/10) 
   Generating static pages (4/10) 
   Generating static pages (7/10) 
 ✓ Generating static pages (10/10)
   Finalizing page optimization ...
   Collecting build traces ...

Route (app)                              Size     First Load JS
┌ ƒ /                                    7.9 kB          414 kB
├ ƒ /_not-found                          875 B          88.7 kB
├ ƒ /api/get-api-key                     0 B                0 B
├ ƒ /api/get-api-key-status              0 B                0 B
├ ƒ /api/register-peer                   0 B                0 B
├ ƒ /api/set-api-key-activated           0 B                0 B
├ ƒ /api/submit-reward                   0 B                0 B
└ ƒ /api/submit-winner                   0 B                0 B
+ First Load JS shared by all            87.8 kB
  ├ chunks/23-d96b002ec61f7f52.js        31.7 kB
  ├ chunks/fd9d1056-6fa9d942f85e7f25.js  53.6 kB
  └ other shared chunks (total)          2.48 kB


ƒ  (Dynamic)  server-rendered on demand

Done in 36.80s.
yarn run v1.22.22
$ next start
  ▲ Next.js 14.2.4
  - Local:        http://localhost:3000

 ✓ Starting...
 ✓ Ready in 370ms
